# v-annotate.pl :: classify and annotate sequences using a model library
# VADR 1.4 (Dec 2021)
# - - - - - - - - - - - - - - - - - - - - - - - - - - - - - - - - - - - -
# date:              Mon Jan  3 11:28:49 2022
# $VADRBIOEASELDIR:  /scratch/software/vadr-install-dir/Bio-Easel
# $VADRBLASTDIR:     /scratch/software/vadr-install-dir/ncbi-blast/bin
# $VADREASELDIR:     /scratch/software/vadr-install-dir/infernal/binaries
# $VADRFASTADIR:     /scratch/software/vadr-install-dir/fasta/bin
# $VADRINFERNALDIR:  /scratch/software/vadr-install-dir/infernal/binaries
# $VADRMODELDIR:     /scratch/software/vadr-install-dir/vadr-models-calici
# $VADRSCRIPTSDIR:   /scratch/software/vadr-install-dir/vadr
#
# sequence file:                                                                  ../genbank/NC_039207.fasta
# output directory:                                                               result/vadr/NC_039207
# force directory overwrite:                                                      yes [-f]
# specify that alert codes in <s> cause FAILure:                                  lowscore,insertnn,deletinn [--alt_fail]
# .cm, .minfo, blastn .fa files in $VADRMODELDIR start with key <s>, not 'vadr':  corona [--mkey]
# model files are in directory <s>, not in $VADRMODELDIR:                         /scratch/data/covid19-2/find_core/vadr/vadr-models-corona-1.3-3 [--mdir]
# in feature table for failed seqs, never change feature type to misc_feature:    yes [--nomisc]
# lowsim5s/LOW_SIMILARITY_START minimum length is <n>:                            6 [--lowsim5seq]
# lowsim3s/LOW_SIMILARITY_END minimum length is <n>:                              6 [--lowsim3seq]
# align with glsearch from the FASTA package, not to a cm with cmalign:           yes [--glsearch]
# use top-scoring HSP from blastn to seed the alignment:                          yes [-s]
# replace stretches of Ns with expected nts, where possible:                      yes [-r]
# split input file into chunks, run each chunk separately:                        yes [--split]
# parallelize across <n> CPU workers (requires --split or --glsearch):            8 [--cpu]
# - - - - - - - - - - - - - - - - - - - - - - - - - - - - - - - - - - - -
# Validating input                                                                                          ... done. [    0.1 seconds]
# Splitting sequence file into chunks to run independently in parallel on 8 processors                      ... done. [    0.0 seconds]
# Executing 1 script to process 1 partition(s) of all 1 sequence(s)                                         ... 
ERROR in utl_RunCommand(), the following command failed:
sh result/vadr/NC_039207/NC_039207.annotate.1.sh > /dev/null 2> result/vadr/NC_039207/NC_039207.annotate.1.sh.err


[fail]
