Starting at Sun Feb 28 15:43:06 2021

Sequence file = ../genbank/KC869678.fasta
Number of sequences = 1
ICM model file = result/glimmer/KC869678/KC869678.icm
Excluded regions file = none
List of orfs file = none
Input is NOT separate orfs
Independent (non-coding) scores are used
Circular genome = true
Truncated orfs = false
Minimum gene length = 100 bp
Maximum overlap bases = 30
Threshold score = 30
Use first start codon = false
Start codons = atg,gtg,ttg
Start probs = 0.600,0.300,0.100
Stop codons = taa,tag,tga
GC percentage = 40.2%
Ignore score on orfs longer than 561
Analyzing Sequence #1
Start Find_Orfs
Start Score_Orfs
Start Process_Events
Start Trace_Back
