# v-annotate.pl :: classify and annotate sequences using a model library
# VADR 1.4 (Dec 2021)
# - - - - - - - - - - - - - - - - - - - - - - - - - - - - - - - - - - - -
# date:              Mon Jan  3 10:51:43 2022
# $VADRBIOEASELDIR:  /scratch/software/vadr-install-dir/Bio-Easel
# $VADRBLASTDIR:     /scratch/software/vadr-install-dir/ncbi-blast/bin
# $VADREASELDIR:     /scratch/software/vadr-install-dir/infernal/binaries
# $VADRFASTADIR:     /scratch/software/vadr-install-dir/fasta/bin
# $VADRINFERNALDIR:  /scratch/software/vadr-install-dir/infernal/binaries
# $VADRMODELDIR:     /scratch/software/vadr-install-dir/vadr-models-calici
# $VADRSCRIPTSDIR:   /scratch/software/vadr-install-dir/vadr
#
# sequence file:                                                                  ../genbank/KM454473.fasta
# output directory:                                                               result/vadr/KM454473
# force directory overwrite:                                                      yes [-f]
# specify that alert codes in <s> cause FAILure:                                  lowscore,insertnn,deletinn [--alt_fail]
# .cm, .minfo, blastn .fa files in $VADRMODELDIR start with key <s>, not 'vadr':  corona [--mkey]
# model files are in directory <s>, not in $VADRMODELDIR:                         /scratch/data/covid19-2/find_core/vadr/vadr-models-corona-1.3-3 [--mdir]
# in feature table for failed seqs, never change feature type to misc_feature:    yes [--nomisc]
# lowsim5s/LOW_SIMILARITY_START minimum length is <n>:                            6 [--lowsim5seq]
# lowsim3s/LOW_SIMILARITY_END minimum length is <n>:                              6 [--lowsim3seq]
# align with glsearch from the FASTA package, not to a cm with cmalign:           yes [--glsearch]
# use top-scoring HSP from blastn to seed the alignment:                          yes [-s]
# replace stretches of Ns with expected nts, where possible:                      yes [-r]
# split input file into chunks, run each chunk separately:                        yes [--split]
# parallelize across <n> CPU workers (requires --split or --glsearch):            8 [--cpu]
# - - - - - - - - - - - - - - - - - - - - - - - - - - - - - - - - - - - -
# Validating input                                                                                          ... done. [    0.1 seconds]
# Splitting sequence file into chunks to run independently in parallel on 8 processors                      ... done. [    0.0 seconds]
# Executing 1 script to process 1 partition(s) of all 1 sequence(s)                                         ... done. [   21.1 seconds]
# Merging and finalizing output                                                                             ... done. [    0.1 seconds]
#
# Summary of classified sequences:
#
#                                  num   num   num
#idx  model      group  subgroup  seqs  pass  fail
#---  ---------  -----  --------  ----  ----  ----
1     NC_010800  -      -            1     0     1
#---  ---------  -----  --------  ----  ----  ----
-     *all*      -      -            1     0     1
-     *none*     -      -            0     0     0
#---  ---------  -----  --------  ----  ----  ----
#
# Summary of reported alerts:
#
#     alert     causes   short                             per    num   num  long
#idx  code      failure  description                      type  cases  seqs  description
#---  --------  -------  ---------------------------  --------  -----  ----  -----------
1     indfclas  no       INDEFINITE_CLASSIFICATION    sequence      1     1  low score difference between best overall model and second best model (not in best model's subgroup)
2     lowsimic  no       LOW_FEATURE_SIMILARITY        feature     16     1  region within annotated feature that is or matches a CDS lacks significant similarity
#---  --------  -------  ---------------------------  --------  -----  ----  -----------
3     lowcovrg  yes      LOW_COVERAGE                 sequence      1     1  low sequence fraction with significant similarity to homology model
4     mutendcd  yes*     MUTATION_AT_END               feature      2     1  expected stop codon could not be identified, predicted CDS stop by homology is invalid
5     mutendex  yes*     MUTATION_AT_END               feature      2     1  expected stop codon could not be identified, first in-frame stop codon exists 3' of predicted stop position
6     unexleng  yes*     UNEXPECTED_LENGTH             feature      5     1  length of complete coding (CDS or mat_peptide) feature is not a multiple of 3
7     cdsstopn  yes*     CDS_HAS_STOP_CODON            feature      2     1  in-frame stop codon exists 5' of stop position predicted by homology to reference
8     fstukcft  yes*     POSSIBLE_FRAMESHIFT           feature      3     1  possible frameshift in CDS (frame not restored before end)
9     fstukcfi  yes*     POSSIBLE_FRAMESHIFT           feature     17     1  possible frameshift in CDS (frame restored before end)
10    peptrans  yes*     PEPTIDE_TRANSLATION_PROBLEM   feature     15     1  mat_peptide may not be translated because its parent CDS has a problem
11    indf5pst  yes*     INDEFINITE_ANNOTATION_START   feature      1     1  protein-based alignment does not extend close enough to nucleotide-based alignment 5' endpoint
12    indf3gap  yes*     INDEFINITE_ANNOTATION_END     feature      2     1  alignment to homology model is a gap at 3' boundary
13    indf3plg  yes*     INDEFINITE_ANNOTATION_END     feature      1     1  protein-based alignment extends past nucleotide-based alignment at 3' end
14    indf3pst  yes*     INDEFINITE_ANNOTATION_END     feature      3     1  protein-based alignment does not extend close enough to nucleotide-based alignment 3' endpoint
15    insertnp  yes      INSERTION_OF_NT               feature      5     1  too large of an insertion in protein-based alignment
16    insertnn  yes      INSERTION_OF_NT               feature      2     1  too large of an insertion in nucleotide-based alignment of CDS feature
17    deletinp  yes*     DELETION_OF_NT                feature      3     1  too large of a deletion in protein-based alignment
18    deletinn  yes*     DELETION_OF_NT                feature      2     1  too large of a deletion in nucleotide-based alignment of CDS feature
#---  --------  -------  ---------------------------  --------  -----  ----  -----------
#
# Output printed to screen saved in:                              KM454473.vadr.log
# List of executed commands saved in:                             KM454473.vadr.cmd
# List and description of all output files saved in:              KM454473.vadr.filelist
# esl-seqstat -a output for input fasta file saved in:            KM454473.vadr.seqstat
# 5 column feature table output for passing sequences saved in:   KM454473.vadr.pass.tbl
# 5 column feature table output for failing sequences saved in:   KM454473.vadr.fail.tbl
# list of passing sequences saved in:                             KM454473.vadr.pass.list
# list of failing sequences saved in:                             KM454473.vadr.fail.list
# list of alerts in the feature tables saved in:                  KM454473.vadr.alt.list
# fasta file with passing sequences saved in:                     KM454473.vadr.pass.fa
# fasta file with failing sequences saved in:                     KM454473.vadr.fail.fa
# per-sequence tabular annotation summary file saved in:          KM454473.vadr.sqa
# per-sequence tabular classification summary file saved in:      KM454473.vadr.sqc
# per-feature tabular summary file saved in:                      KM454473.vadr.ftr
# per-model-segment tabular summary file saved in:                KM454473.vadr.sgm
# per-alert tabular summary file saved in:                        KM454473.vadr.alt
# alert count tabular summary file saved in:                      KM454473.vadr.alc
# per-model tabular summary file saved in:                        KM454473.vadr.mdl
# alignment doctoring tabular summary file saved in:              KM454473.vadr.dcr
# seed alignment summary file (-s) saved in:                      KM454473.vadr.sda
# replaced stretches of Ns summary file (-r) saved in:            KM454473.vadr.rpn
#
# All output files created in directory ./result/vadr/KM454473/
#
# Elapsed time:  00:00:21.35
#                hh:mm:ss
# 
[ok]
