# v-annotate.pl :: classify and annotate sequences using a model library
# VADR 1.4 (Dec 2021)
# - - - - - - - - - - - - - - - - - - - - - - - - - - - - - - - - - - - -
# date:              Mon Jan  3 11:34:25 2022
# $VADRBIOEASELDIR:  /scratch/software/vadr-install-dir/Bio-Easel
# $VADRBLASTDIR:     /scratch/software/vadr-install-dir/ncbi-blast/bin
# $VADREASELDIR:     /scratch/software/vadr-install-dir/infernal/binaries
# $VADRFASTADIR:     /scratch/software/vadr-install-dir/fasta/bin
# $VADRINFERNALDIR:  /scratch/software/vadr-install-dir/infernal/binaries
# $VADRMODELDIR:     /scratch/software/vadr-install-dir/vadr-models-calici
# $VADRSCRIPTSDIR:   /scratch/software/vadr-install-dir/vadr
#
# sequence file:                                                                  ../genbank/JQ989268.fasta
# output directory:                                                               result/vadr/JQ989268
# force directory overwrite:                                                      yes [-f]
# specify that alert codes in <s> cause FAILure:                                  lowscore,insertnn,deletinn [--alt_fail]
# .cm, .minfo, blastn .fa files in $VADRMODELDIR start with key <s>, not 'vadr':  corona [--mkey]
# model files are in directory <s>, not in $VADRMODELDIR:                         /scratch/data/covid19-2/find_core/vadr/vadr-models-corona-1.3-3 [--mdir]
# in feature table for failed seqs, never change feature type to misc_feature:    yes [--nomisc]
# lowsim5s/LOW_SIMILARITY_START minimum length is <n>:                            6 [--lowsim5seq]
# lowsim3s/LOW_SIMILARITY_END minimum length is <n>:                              6 [--lowsim3seq]
# align with glsearch from the FASTA package, not to a cm with cmalign:           yes [--glsearch]
# use top-scoring HSP from blastn to seed the alignment:                          yes [-s]
# replace stretches of Ns with expected nts, where possible:                      yes [-r]
# split input file into chunks, run each chunk separately:                        yes [--split]
# parallelize across <n> CPU workers (requires --split or --glsearch):            8 [--cpu]
# - - - - - - - - - - - - - - - - - - - - - - - - - - - - - - - - - - - -
# Validating input                                                                                          ... done. [    0.1 seconds]
# Splitting sequence file into chunks to run independently in parallel on 8 processors                      ... done. [    0.0 seconds]
# Executing 1 script to process 1 partition(s) of all 1 sequence(s)                                         ... done. [   17.5 seconds]
# Merging and finalizing output                                                                             ... done. [    0.1 seconds]
#
# Summary of classified sequences:
#
#                                  num   num   num
#idx  model      group  subgroup  seqs  pass  fail
#---  ---------  -----  --------  ----  ----  ----
1     NC_018871  -      -            1     0     1
#---  ---------  -----  --------  ----  ----  ----
-     *all*      -      -            1     0     1
-     *none*     -      -            0     0     0
#---  ---------  -----  --------  ----  ----  ----
#
# Summary of reported alerts:
#
#     alert     causes   short                            per    num   num  long
#idx  code      failure  description                     type  cases  seqs  description
#---  --------  -------  ---------------------------  -------  -----  ----  -----------
1     lowsimic  no       LOW_FEATURE_SIMILARITY       feature     10     1  region within annotated feature that is or matches a CDS lacks significant similarity
#---  --------  -------  ---------------------------  -------  -----  ----  -----------
2     fstukcfi  yes*     POSSIBLE_FRAMESHIFT          feature      9     1  possible frameshift in CDS (frame restored before end)
3     indf5plg  yes*     INDEFINITE_ANNOTATION_START  feature      1     1  protein-based alignment extends past nucleotide-based alignment at 5' end
#---  --------  -------  ---------------------------  -------  -----  ----  -----------
#
# Output printed to screen saved in:                              JQ989268.vadr.log
# List of executed commands saved in:                             JQ989268.vadr.cmd
# List and description of all output files saved in:              JQ989268.vadr.filelist
# esl-seqstat -a output for input fasta file saved in:            JQ989268.vadr.seqstat
# 5 column feature table output for passing sequences saved in:   JQ989268.vadr.pass.tbl
# 5 column feature table output for failing sequences saved in:   JQ989268.vadr.fail.tbl
# list of passing sequences saved in:                             JQ989268.vadr.pass.list
# list of failing sequences saved in:                             JQ989268.vadr.fail.list
# list of alerts in the feature tables saved in:                  JQ989268.vadr.alt.list
# fasta file with passing sequences saved in:                     JQ989268.vadr.pass.fa
# fasta file with failing sequences saved in:                     JQ989268.vadr.fail.fa
# per-sequence tabular annotation summary file saved in:          JQ989268.vadr.sqa
# per-sequence tabular classification summary file saved in:      JQ989268.vadr.sqc
# per-feature tabular summary file saved in:                      JQ989268.vadr.ftr
# per-model-segment tabular summary file saved in:                JQ989268.vadr.sgm
# per-alert tabular summary file saved in:                        JQ989268.vadr.alt
# alert count tabular summary file saved in:                      JQ989268.vadr.alc
# per-model tabular summary file saved in:                        JQ989268.vadr.mdl
# alignment doctoring tabular summary file saved in:              JQ989268.vadr.dcr
# seed alignment summary file (-s) saved in:                      JQ989268.vadr.sda
# replaced stretches of Ns summary file (-r) saved in:            JQ989268.vadr.rpn
#
# All output files created in directory ./result/vadr/JQ989268/
#
# Elapsed time:  00:00:17.75
#                hh:mm:ss
# 
[ok]
