# v-annotate.pl :: classify and annotate sequences using a model library
# VADR 1.4 (Dec 2021)
# - - - - - - - - - - - - - - - - - - - - - - - - - - - - - - - - - - - -
# date:              Mon Jan  3 11:09:44 2022
# $VADRBIOEASELDIR:  /scratch/software/vadr-install-dir/Bio-Easel
# $VADRBLASTDIR:     /scratch/software/vadr-install-dir/ncbi-blast/bin
# $VADREASELDIR:     /scratch/software/vadr-install-dir/infernal/binaries
# $VADRFASTADIR:     /scratch/software/vadr-install-dir/fasta/bin
# $VADRINFERNALDIR:  /scratch/software/vadr-install-dir/infernal/binaries
# $VADRMODELDIR:     /scratch/software/vadr-install-dir/vadr-models-calici
# $VADRSCRIPTSDIR:   /scratch/software/vadr-install-dir/vadr
#
# sequence file:                                                                  ../genbank/NC_018871.fasta
# output directory:                                                               result/vadr/NC_018871
# force directory overwrite:                                                      yes [-f]
# specify that alert codes in <s> cause FAILure:                                  lowscore,insertnn,deletinn [--alt_fail]
# .cm, .minfo, blastn .fa files in $VADRMODELDIR start with key <s>, not 'vadr':  corona [--mkey]
# model files are in directory <s>, not in $VADRMODELDIR:                         /scratch/data/covid19-2/find_core/vadr/vadr-models-corona-1.3-3 [--mdir]
# in feature table for failed seqs, never change feature type to misc_feature:    yes [--nomisc]
# lowsim5s/LOW_SIMILARITY_START minimum length is <n>:                            6 [--lowsim5seq]
# lowsim3s/LOW_SIMILARITY_END minimum length is <n>:                              6 [--lowsim3seq]
# align with glsearch from the FASTA package, not to a cm with cmalign:           yes [--glsearch]
# use top-scoring HSP from blastn to seed the alignment:                          yes [-s]
# replace stretches of Ns with expected nts, where possible:                      yes [-r]
# split input file into chunks, run each chunk separately:                        yes [--split]
# parallelize across <n> CPU workers (requires --split or --glsearch):            8 [--cpu]
# - - - - - - - - - - - - - - - - - - - - - - - - - - - - - - - - - - - -
# Validating input                                                                                          ... done. [    0.1 seconds]
# Splitting sequence file into chunks to run independently in parallel on 8 processors                      ... done. [    0.0 seconds]
# Executing 1 script to process 1 partition(s) of all 1 sequence(s)                                         ... done. [   15.0 seconds]
# Merging and finalizing output                                                                             ... done. [    0.1 seconds]
#
# Summary of classified sequences:
#
#                                  num   num   num
#idx  model      group  subgroup  seqs  pass  fail
#---  ---------  -----  --------  ----  ----  ----
1     NC_018871  -      -            1     1     0
#---  ---------  -----  --------  ----  ----  ----
-     *all*      -      -            1     1     0
-     *none*     -      -            0     0     0
#---  ---------  -----  --------  ----  ----  ----
#
# Zero alerts were reported.
#
# Output printed to screen saved in:                              NC_018871.vadr.log
# List of executed commands saved in:                             NC_018871.vadr.cmd
# List and description of all output files saved in:              NC_018871.vadr.filelist
# esl-seqstat -a output for input fasta file saved in:            NC_018871.vadr.seqstat
# 5 column feature table output for passing sequences saved in:   NC_018871.vadr.pass.tbl
# 5 column feature table output for failing sequences saved in:   NC_018871.vadr.fail.tbl
# list of passing sequences saved in:                             NC_018871.vadr.pass.list
# list of failing sequences saved in:                             NC_018871.vadr.fail.list
# list of alerts in the feature tables saved in:                  NC_018871.vadr.alt.list
# fasta file with passing sequences saved in:                     NC_018871.vadr.pass.fa
# fasta file with failing sequences saved in:                     NC_018871.vadr.fail.fa
# per-sequence tabular annotation summary file saved in:          NC_018871.vadr.sqa
# per-sequence tabular classification summary file saved in:      NC_018871.vadr.sqc
# per-feature tabular summary file saved in:                      NC_018871.vadr.ftr
# per-model-segment tabular summary file saved in:                NC_018871.vadr.sgm
# per-alert tabular summary file saved in:                        NC_018871.vadr.alt
# alert count tabular summary file saved in:                      NC_018871.vadr.alc
# per-model tabular summary file saved in:                        NC_018871.vadr.mdl
# alignment doctoring tabular summary file saved in:              NC_018871.vadr.dcr
# seed alignment summary file (-s) saved in:                      NC_018871.vadr.sda
# replaced stretches of Ns summary file (-r) saved in:            NC_018871.vadr.rpn
#
# All output files created in directory ./result/vadr/NC_018871/
#
# Elapsed time:  00:00:15.28
#                hh:mm:ss
# 
[ok]
